<?xml version="1.0" encoding="UTF-8"?>
<robot generator="Robot 6.1.1 (Python 3.10.12 on linux)" generated="20241118 18:23:52.107" rpa="false" schemaversion="4">
<suite id="s1" name="Tests" source="/home/aleveste/palautusrepositorio/viikko3/hello-robot/src/tests">
<suite id="s1-s1" name="Increase Counter" source="/home/aleveste/palautusrepositorio/viikko3/hello-robot/src/tests/increase_counter.robot">
<test id="s1-s1-t1" name="Increase Counter Once" line="5">
<kw name="Counter Value Should Be" library="CounterLibrary">
<arg>0</arg>
<status status="PASS" starttime="20241118 18:23:52.129" endtime="20241118 18:23:52.129"/>
</kw>
<kw name="Increase Counter" library="CounterLibrary">
<status status="PASS" starttime="20241118 18:23:52.130" endtime="20241118 18:23:52.130"/>
</kw>
<kw name="Counter Value Should Be" library="CounterLibrary">
<arg>1</arg>
<status status="PASS" starttime="20241118 18:23:52.130" endtime="20241118 18:23:52.130"/>
</kw>
<status status="PASS" starttime="20241118 18:23:52.129" endtime="20241118 18:23:52.130"/>
</test>
<test id="s1-s1-t2" name="Increase Counter Many Times" line="10">
<kw name="Counter Value Should Be" library="CounterLibrary">
<arg>0</arg>
<status status="PASS" starttime="20241118 18:23:52.131" endtime="20241118 18:23:52.131"/>
</kw>
<kw name="Increase Counter" library="CounterLibrary">
<status status="PASS" starttime="20241118 18:23:52.131" endtime="20241118 18:23:52.131"/>
</kw>
<kw name="Increase Counter" library="CounterLibrary">
<status status="PASS" starttime="20241118 18:23:52.131" endtime="20241118 18:23:52.131"/>
</kw>
<kw name="Increase Counter" library="CounterLibrary">
<status status="PASS" starttime="20241118 18:23:52.131" endtime="20241118 18:23:52.131"/>
</kw>
<kw name="Counter Value Should Be" library="CounterLibrary">
<arg>3</arg>
<status status="PASS" starttime="20241118 18:23:52.131" endtime="20241118 18:23:52.131"/>
</kw>
<status status="PASS" starttime="20241118 18:23:52.130" endtime="20241118 18:23:52.132"/>
</test>
<test id="s1-s1-t3" name="Increment Counter By Amount" line="17">
<kw name="Counter Value Should Be" library="CounterLibrary">
<arg>0</arg>
<status status="PASS" starttime="20241118 18:23:52.132" endtime="20241118 18:23:52.132"/>
</kw>
<kw name="Increment Counter By" library="CounterLibrary">
<arg>5</arg>
<status status="PASS" starttime="20241118 18:23:52.132" endtime="20241118 18:23:52.132"/>
</kw>
<kw name="Counter Value Should Be" library="CounterLibrary">
<arg>5</arg>
<status status="PASS" starttime="20241118 18:23:52.132" endtime="20241118 18:23:52.132"/>
</kw>
<status status="PASS" starttime="20241118 18:23:52.132" endtime="20241118 18:23:52.133"/>
</test>
<status status="PASS" starttime="20241118 18:23:52.126" endtime="20241118 18:23:52.133"/>
</suite>
<suite id="s1-s2" name="Reset Counter" source="/home/aleveste/palautusrepositorio/viikko3/hello-robot/src/tests/reset_counter.robot">
<test id="s1-s2-t1" name="Reset Counter After One Increment" line="5">
<kw name="Counter Value Should Be" library="CounterLibrary">
<arg>0</arg>
<status status="PASS" starttime="20241118 18:23:52.135" endtime="20241118 18:23:52.136"/>
</kw>
<kw name="Increase Counter" library="CounterLibrary">
<status status="PASS" starttime="20241118 18:23:52.136" endtime="20241118 18:23:52.136"/>
</kw>
<kw name="Counter Value Should Be" library="CounterLibrary">
<arg>1</arg>
<status status="PASS" starttime="20241118 18:23:52.136" endtime="20241118 18:23:52.136"/>
</kw>
<kw name="Reset Counter" library="CounterLibrary">
<doc>Nollaa laskurin arvon.</doc>
<status status="PASS" starttime="20241118 18:23:52.136" endtime="20241118 18:23:52.136"/>
</kw>
<kw name="Counter Value Should Be" library="CounterLibrary">
<arg>0</arg>
<status status="PASS" starttime="20241118 18:23:52.136" endtime="20241118 18:23:52.136"/>
</kw>
<status status="PASS" starttime="20241118 18:23:52.135" endtime="20241118 18:23:52.137"/>
</test>
<test id="s1-s2-t2" name="Reset Counter After Several Increments" line="12">
<kw name="Counter Value Should Be" library="CounterLibrary">
<arg>0</arg>
<status status="PASS" starttime="20241118 18:23:52.137" endtime="20241118 18:23:52.137"/>
</kw>
<kw name="Increment Counter By" library="CounterLibrary">
<arg>5</arg>
<status status="PASS" starttime="20241118 18:23:52.137" endtime="20241118 18:23:52.137"/>
</kw>
<kw name="Counter Value Should Be" library="CounterLibrary">
<arg>5</arg>
<status status="PASS" starttime="20241118 18:23:52.137" endtime="20241118 18:23:52.138"/>
</kw>
<kw name="Reset Counter" library="CounterLibrary">
<doc>Nollaa laskurin arvon.</doc>
<status status="PASS" starttime="20241118 18:23:52.138" endtime="20241118 18:23:52.138"/>
</kw>
<kw name="Counter Value Should Be" library="CounterLibrary">
<arg>0</arg>
<status status="PASS" starttime="20241118 18:23:52.138" endtime="20241118 18:23:52.138"/>
</kw>
<status status="PASS" starttime="20241118 18:23:52.137" endtime="20241118 18:23:52.138"/>
</test>
<status status="PASS" starttime="20241118 18:23:52.133" endtime="20241118 18:23:52.138"/>
</suite>
<status status="PASS" starttime="20241118 18:23:52.109" endtime="20241118 18:23:52.139"/>
</suite>
<statistics>
<total>
<stat pass="5" fail="0" skip="0">All Tests</stat>
</total>
<tag>
</tag>
<suite>
<stat pass="5" fail="0" skip="0" id="s1" name="Tests">Tests</stat>
<stat pass="3" fail="0" skip="0" id="s1-s1" name="Increase Counter">Tests.Increase Counter</stat>
<stat pass="2" fail="0" skip="0" id="s1-s2" name="Reset Counter">Tests.Reset Counter</stat>
</suite>
</statistics>
<errors>
</errors>
</robot>
